[0.186s] DEBUG:colcon:Command line arguments: ['/usr/bin/colcon', 'list', '-n']
[0.187s] DEBUG:colcon:Parsed command line arguments: Namespace(base_paths=['.'], build_base='build', ignore_user_meta=False, log_base=None, log_level=None, main=<bound method ListVerb.main of <colcon_package_information.verb.list.ListVerb object at 0x7f8ad2b7cfd0>>, metas=['./colcon.meta'], names_only=True, packages_above=None, packages_above_and_dependencies=None, packages_above_depth=None, packages_end=None, packages_ignore=None, packages_ignore_regex=None, packages_select=None, packages_select_build_failed=False, packages_select_by_dep=None, packages_select_regex=None, packages_select_test_failures=False, packages_skip=None, packages_skip_build_finished=False, packages_skip_by_dep=None, packages_skip_regex=None, packages_skip_test_passed=False, packages_skip_up_to=None, packages_start=None, packages_up_to=None, packages_up_to_regex=None, paths=None, paths_only=False, topological_graph=False, topological_graph_density=False, topological_graph_dot=False, topological_graph_dot_cluster=False, topological_graph_dot_include_skipped=False, topological_graph_legend=False, topological_order=False, verb_extension=<colcon_package_information.verb.list.ListVerb object at 0x7f8ad2b7cfd0>, verb_name='list', verb_parser=<colcon_defaults.argument_parser.defaults.DefaultArgumentsDecorator object at 0x7f8ad28e1ac8>)
[0.203s] Level 1:colcon.colcon_core.package_discovery:discover_packages(colcon_meta) check parameters
[0.203s] Level 1:colcon.colcon_core.package_discovery:discover_packages(recursive) check parameters
[0.203s] Level 1:colcon.colcon_core.package_discovery:discover_packages(ignore) check parameters
[0.203s] Level 1:colcon.colcon_core.package_discovery:discover_packages(path) check parameters
[0.203s] Level 1:colcon.colcon_core.package_discovery:discover_packages(colcon_meta) discover
[0.203s] Level 1:colcon.colcon_core.package_discovery:discover_packages(recursive) discover
[0.203s] INFO:colcon.colcon_core.package_discovery:Crawling recursively for packages in '/home/kwak/study'
[0.203s] Level 1:colcon.colcon_core.package_identification:_identify(.) by extensions ['ignore', 'ignore_ament_install']
[0.203s] Level 1:colcon.colcon_core.package_identification:_identify(.) by extension 'ignore'
[0.203s] Level 1:colcon.colcon_core.package_identification:_identify(.) by extension 'ignore_ament_install'
[0.203s] Level 1:colcon.colcon_core.package_identification:_identify(.) by extensions ['colcon_pkg']
[0.204s] Level 1:colcon.colcon_core.package_identification:_identify(.) by extension 'colcon_pkg'
[0.204s] Level 1:colcon.colcon_core.package_identification:_identify(.) by extensions ['colcon_meta']
[0.204s] Level 1:colcon.colcon_core.package_identification:_identify(.) by extension 'colcon_meta'
[0.204s] Level 1:colcon.colcon_core.package_identification:_identify(.) by extensions ['ros']
[0.204s] Level 1:colcon.colcon_core.package_identification:_identify(.) by extension 'ros'
[0.217s] Level 1:colcon.colcon_core.package_identification:_identify(.) by extensions ['cmake', 'python']
[0.217s] Level 1:colcon.colcon_core.package_identification:_identify(.) by extension 'cmake'
[0.222s] ERROR:colcon.colcon_core.package_identification:Exception in package identification extension 'cmake' in '.': Failed to extract project name from 'CMakeLists.txt'
Traceback (most recent call last):
  File "/usr/lib/python3/dist-packages/colcon_core/package_identification/__init__.py", line 143, in _identify
    retval = extension.identify(_reused_descriptor_instance)
  File "/usr/lib/python3/dist-packages/colcon_cmake/package_identification/cmake.py", line 34, in identify
    "Failed to extract project name from '%s'" % cmakelists_txt)
RuntimeError: Failed to extract project name from 'CMakeLists.txt'

[0.222s] Level 1:colcon.colcon_core.package_identification:_identify(.) by extension 'python'
[0.222s] Level 1:colcon.colcon_core.package_identification:_identify(.) by extensions ['python_setup_py']
[0.222s] Level 1:colcon.colcon_core.package_identification:_identify(.) by extension 'python_setup_py'
[0.223s] Level 1:colcon.colcon_core.package_identification:_identify(build) by extensions ['ignore', 'ignore_ament_install']
[0.223s] Level 1:colcon.colcon_core.package_identification:_identify(build) by extension 'ignore'
[0.223s] Level 1:colcon.colcon_core.package_identification:_identify(build) by extension 'ignore_ament_install'
[0.223s] Level 1:colcon.colcon_core.package_identification:_identify(build) by extensions ['colcon_pkg']
[0.223s] Level 1:colcon.colcon_core.package_identification:_identify(build) by extension 'colcon_pkg'
[0.223s] Level 1:colcon.colcon_core.package_identification:_identify(build) by extensions ['colcon_meta']
[0.223s] Level 1:colcon.colcon_core.package_identification:_identify(build) by extension 'colcon_meta'
[0.223s] Level 1:colcon.colcon_core.package_identification:_identify(build) by extensions ['ros']
[0.223s] Level 1:colcon.colcon_core.package_identification:_identify(build) by extension 'ros'
[0.223s] Level 1:colcon.colcon_core.package_identification:_identify(build) by extensions ['cmake', 'python']
[0.223s] Level 1:colcon.colcon_core.package_identification:_identify(build) by extension 'cmake'
[0.223s] Level 1:colcon.colcon_core.package_identification:_identify(build) by extension 'python'
[0.223s] Level 1:colcon.colcon_core.package_identification:_identify(build) by extensions ['python_setup_py']
[0.223s] Level 1:colcon.colcon_core.package_identification:_identify(build) by extension 'python_setup_py'
[0.223s] Level 1:colcon.colcon_core.package_identification:_identify(build/CMakeFiles) by extensions ['ignore', 'ignore_ament_install']
[0.223s] Level 1:colcon.colcon_core.package_identification:_identify(build/CMakeFiles) by extension 'ignore'
[0.224s] Level 1:colcon.colcon_core.package_identification:_identify(build/CMakeFiles) by extension 'ignore_ament_install'
[0.224s] Level 1:colcon.colcon_core.package_identification:_identify(build/CMakeFiles) by extensions ['colcon_pkg']
[0.224s] Level 1:colcon.colcon_core.package_identification:_identify(build/CMakeFiles) by extension 'colcon_pkg'
[0.224s] Level 1:colcon.colcon_core.package_identification:_identify(build/CMakeFiles) by extensions ['colcon_meta']
[0.224s] Level 1:colcon.colcon_core.package_identification:_identify(build/CMakeFiles) by extension 'colcon_meta'
[0.224s] Level 1:colcon.colcon_core.package_identification:_identify(build/CMakeFiles) by extensions ['ros']
[0.224s] Level 1:colcon.colcon_core.package_identification:_identify(build/CMakeFiles) by extension 'ros'
[0.224s] Level 1:colcon.colcon_core.package_identification:_identify(build/CMakeFiles) by extensions ['cmake', 'python']
[0.224s] Level 1:colcon.colcon_core.package_identification:_identify(build/CMakeFiles) by extension 'cmake'
[0.224s] Level 1:colcon.colcon_core.package_identification:_identify(build/CMakeFiles) by extension 'python'
[0.224s] Level 1:colcon.colcon_core.package_identification:_identify(build/CMakeFiles) by extensions ['python_setup_py']
[0.224s] Level 1:colcon.colcon_core.package_identification:_identify(build/CMakeFiles) by extension 'python_setup_py'
[0.224s] Level 1:colcon.colcon_core.package_identification:_identify(build/CMakeFiles/3.10.2) by extensions ['ignore', 'ignore_ament_install']
[0.224s] Level 1:colcon.colcon_core.package_identification:_identify(build/CMakeFiles/3.10.2) by extension 'ignore'
[0.225s] Level 1:colcon.colcon_core.package_identification:_identify(build/CMakeFiles/3.10.2) by extension 'ignore_ament_install'
[0.225s] Level 1:colcon.colcon_core.package_identification:_identify(build/CMakeFiles/3.10.2) by extensions ['colcon_pkg']
[0.225s] Level 1:colcon.colcon_core.package_identification:_identify(build/CMakeFiles/3.10.2) by extension 'colcon_pkg'
[0.225s] Level 1:colcon.colcon_core.package_identification:_identify(build/CMakeFiles/3.10.2) by extensions ['colcon_meta']
[0.225s] Level 1:colcon.colcon_core.package_identification:_identify(build/CMakeFiles/3.10.2) by extension 'colcon_meta'
[0.225s] Level 1:colcon.colcon_core.package_identification:_identify(build/CMakeFiles/3.10.2) by extensions ['ros']
[0.225s] Level 1:colcon.colcon_core.package_identification:_identify(build/CMakeFiles/3.10.2) by extension 'ros'
[0.225s] Level 1:colcon.colcon_core.package_identification:_identify(build/CMakeFiles/3.10.2) by extensions ['cmake', 'python']
[0.225s] Level 1:colcon.colcon_core.package_identification:_identify(build/CMakeFiles/3.10.2) by extension 'cmake'
[0.225s] Level 1:colcon.colcon_core.package_identification:_identify(build/CMakeFiles/3.10.2) by extension 'python'
[0.225s] Level 1:colcon.colcon_core.package_identification:_identify(build/CMakeFiles/3.10.2) by extensions ['python_setup_py']
[0.225s] Level 1:colcon.colcon_core.package_identification:_identify(build/CMakeFiles/3.10.2) by extension 'python_setup_py'
[0.225s] Level 1:colcon.colcon_core.package_identification:_identify(build/CMakeFiles/3.10.2/CompilerIdC) by extensions ['ignore', 'ignore_ament_install']
[0.225s] Level 1:colcon.colcon_core.package_identification:_identify(build/CMakeFiles/3.10.2/CompilerIdC) by extension 'ignore'
[0.225s] Level 1:colcon.colcon_core.package_identification:_identify(build/CMakeFiles/3.10.2/CompilerIdC) by extension 'ignore_ament_install'
[0.225s] Level 1:colcon.colcon_core.package_identification:_identify(build/CMakeFiles/3.10.2/CompilerIdC) by extensions ['colcon_pkg']
[0.225s] Level 1:colcon.colcon_core.package_identification:_identify(build/CMakeFiles/3.10.2/CompilerIdC) by extension 'colcon_pkg'
[0.225s] Level 1:colcon.colcon_core.package_identification:_identify(build/CMakeFiles/3.10.2/CompilerIdC) by extensions ['colcon_meta']
[0.225s] Level 1:colcon.colcon_core.package_identification:_identify(build/CMakeFiles/3.10.2/CompilerIdC) by extension 'colcon_meta'
[0.225s] Level 1:colcon.colcon_core.package_identification:_identify(build/CMakeFiles/3.10.2/CompilerIdC) by extensions ['ros']
[0.225s] Level 1:colcon.colcon_core.package_identification:_identify(build/CMakeFiles/3.10.2/CompilerIdC) by extension 'ros'
[0.225s] Level 1:colcon.colcon_core.package_identification:_identify(build/CMakeFiles/3.10.2/CompilerIdC) by extensions ['cmake', 'python']
[0.225s] Level 1:colcon.colcon_core.package_identification:_identify(build/CMakeFiles/3.10.2/CompilerIdC) by extension 'cmake'
[0.225s] Level 1:colcon.colcon_core.package_identification:_identify(build/CMakeFiles/3.10.2/CompilerIdC) by extension 'python'
[0.226s] Level 1:colcon.colcon_core.package_identification:_identify(build/CMakeFiles/3.10.2/CompilerIdC) by extensions ['python_setup_py']
[0.226s] Level 1:colcon.colcon_core.package_identification:_identify(build/CMakeFiles/3.10.2/CompilerIdC) by extension 'python_setup_py'
[0.226s] Level 1:colcon.colcon_core.package_identification:_identify(build/CMakeFiles/3.10.2/CompilerIdC/tmp) by extensions ['ignore', 'ignore_ament_install']
[0.226s] Level 1:colcon.colcon_core.package_identification:_identify(build/CMakeFiles/3.10.2/CompilerIdC/tmp) by extension 'ignore'
[0.226s] Level 1:colcon.colcon_core.package_identification:_identify(build/CMakeFiles/3.10.2/CompilerIdC/tmp) by extension 'ignore_ament_install'
[0.226s] Level 1:colcon.colcon_core.package_identification:_identify(build/CMakeFiles/3.10.2/CompilerIdC/tmp) by extensions ['colcon_pkg']
[0.226s] Level 1:colcon.colcon_core.package_identification:_identify(build/CMakeFiles/3.10.2/CompilerIdC/tmp) by extension 'colcon_pkg'
[0.226s] Level 1:colcon.colcon_core.package_identification:_identify(build/CMakeFiles/3.10.2/CompilerIdC/tmp) by extensions ['colcon_meta']
[0.226s] Level 1:colcon.colcon_core.package_identification:_identify(build/CMakeFiles/3.10.2/CompilerIdC/tmp) by extension 'colcon_meta'
[0.226s] Level 1:colcon.colcon_core.package_identification:_identify(build/CMakeFiles/3.10.2/CompilerIdC/tmp) by extensions ['ros']
[0.226s] Level 1:colcon.colcon_core.package_identification:_identify(build/CMakeFiles/3.10.2/CompilerIdC/tmp) by extension 'ros'
[0.226s] Level 1:colcon.colcon_core.package_identification:_identify(build/CMakeFiles/3.10.2/CompilerIdC/tmp) by extensions ['cmake', 'python']
[0.226s] Level 1:colcon.colcon_core.package_identification:_identify(build/CMakeFiles/3.10.2/CompilerIdC/tmp) by extension 'cmake'
[0.226s] Level 1:colcon.colcon_core.package_identification:_identify(build/CMakeFiles/3.10.2/CompilerIdC/tmp) by extension 'python'
[0.226s] Level 1:colcon.colcon_core.package_identification:_identify(build/CMakeFiles/3.10.2/CompilerIdC/tmp) by extensions ['python_setup_py']
[0.226s] Level 1:colcon.colcon_core.package_identification:_identify(build/CMakeFiles/3.10.2/CompilerIdC/tmp) by extension 'python_setup_py'
[0.226s] Level 1:colcon.colcon_core.package_identification:_identify(build/CMakeFiles/3.10.2/CompilerIdCXX) by extensions ['ignore', 'ignore_ament_install']
[0.226s] Level 1:colcon.colcon_core.package_identification:_identify(build/CMakeFiles/3.10.2/CompilerIdCXX) by extension 'ignore'
[0.226s] Level 1:colcon.colcon_core.package_identification:_identify(build/CMakeFiles/3.10.2/CompilerIdCXX) by extension 'ignore_ament_install'
[0.226s] Level 1:colcon.colcon_core.package_identification:_identify(build/CMakeFiles/3.10.2/CompilerIdCXX) by extensions ['colcon_pkg']
[0.226s] Level 1:colcon.colcon_core.package_identification:_identify(build/CMakeFiles/3.10.2/CompilerIdCXX) by extension 'colcon_pkg'
[0.227s] Level 1:colcon.colcon_core.package_identification:_identify(build/CMakeFiles/3.10.2/CompilerIdCXX) by extensions ['colcon_meta']
[0.227s] Level 1:colcon.colcon_core.package_identification:_identify(build/CMakeFiles/3.10.2/CompilerIdCXX) by extension 'colcon_meta'
[0.227s] Level 1:colcon.colcon_core.package_identification:_identify(build/CMakeFiles/3.10.2/CompilerIdCXX) by extensions ['ros']
[0.227s] Level 1:colcon.colcon_core.package_identification:_identify(build/CMakeFiles/3.10.2/CompilerIdCXX) by extension 'ros'
[0.227s] Level 1:colcon.colcon_core.package_identification:_identify(build/CMakeFiles/3.10.2/CompilerIdCXX) by extensions ['cmake', 'python']
[0.227s] Level 1:colcon.colcon_core.package_identification:_identify(build/CMakeFiles/3.10.2/CompilerIdCXX) by extension 'cmake'
[0.227s] Level 1:colcon.colcon_core.package_identification:_identify(build/CMakeFiles/3.10.2/CompilerIdCXX) by extension 'python'
[0.227s] Level 1:colcon.colcon_core.package_identification:_identify(build/CMakeFiles/3.10.2/CompilerIdCXX) by extensions ['python_setup_py']
[0.227s] Level 1:colcon.colcon_core.package_identification:_identify(build/CMakeFiles/3.10.2/CompilerIdCXX) by extension 'python_setup_py'
[0.227s] Level 1:colcon.colcon_core.package_identification:_identify(build/CMakeFiles/3.10.2/CompilerIdCXX/tmp) by extensions ['ignore', 'ignore_ament_install']
[0.227s] Level 1:colcon.colcon_core.package_identification:_identify(build/CMakeFiles/3.10.2/CompilerIdCXX/tmp) by extension 'ignore'
[0.227s] Level 1:colcon.colcon_core.package_identification:_identify(build/CMakeFiles/3.10.2/CompilerIdCXX/tmp) by extension 'ignore_ament_install'
[0.227s] Level 1:colcon.colcon_core.package_identification:_identify(build/CMakeFiles/3.10.2/CompilerIdCXX/tmp) by extensions ['colcon_pkg']
[0.227s] Level 1:colcon.colcon_core.package_identification:_identify(build/CMakeFiles/3.10.2/CompilerIdCXX/tmp) by extension 'colcon_pkg'
[0.227s] Level 1:colcon.colcon_core.package_identification:_identify(build/CMakeFiles/3.10.2/CompilerIdCXX/tmp) by extensions ['colcon_meta']
[0.227s] Level 1:colcon.colcon_core.package_identification:_identify(build/CMakeFiles/3.10.2/CompilerIdCXX/tmp) by extension 'colcon_meta'
[0.227s] Level 1:colcon.colcon_core.package_identification:_identify(build/CMakeFiles/3.10.2/CompilerIdCXX/tmp) by extensions ['ros']
[0.227s] Level 1:colcon.colcon_core.package_identification:_identify(build/CMakeFiles/3.10.2/CompilerIdCXX/tmp) by extension 'ros'
[0.227s] Level 1:colcon.colcon_core.package_identification:_identify(build/CMakeFiles/3.10.2/CompilerIdCXX/tmp) by extensions ['cmake', 'python']
[0.227s] Level 1:colcon.colcon_core.package_identification:_identify(build/CMakeFiles/3.10.2/CompilerIdCXX/tmp) by extension 'cmake'
[0.227s] Level 1:colcon.colcon_core.package_identification:_identify(build/CMakeFiles/3.10.2/CompilerIdCXX/tmp) by extension 'python'
[0.227s] Level 1:colcon.colcon_core.package_identification:_identify(build/CMakeFiles/3.10.2/CompilerIdCXX/tmp) by extensions ['python_setup_py']
[0.228s] Level 1:colcon.colcon_core.package_identification:_identify(build/CMakeFiles/3.10.2/CompilerIdCXX/tmp) by extension 'python_setup_py'
[0.228s] Level 1:colcon.colcon_core.package_identification:_identify(build/CMakeFiles/CMakeTmp) by extensions ['ignore', 'ignore_ament_install']
[0.228s] Level 1:colcon.colcon_core.package_identification:_identify(build/CMakeFiles/CMakeTmp) by extension 'ignore'
[0.228s] Level 1:colcon.colcon_core.package_identification:_identify(build/CMakeFiles/CMakeTmp) by extension 'ignore_ament_install'
[0.228s] Level 1:colcon.colcon_core.package_identification:_identify(build/CMakeFiles/CMakeTmp) by extensions ['colcon_pkg']
[0.228s] Level 1:colcon.colcon_core.package_identification:_identify(build/CMakeFiles/CMakeTmp) by extension 'colcon_pkg'
[0.228s] Level 1:colcon.colcon_core.package_identification:_identify(build/CMakeFiles/CMakeTmp) by extensions ['colcon_meta']
[0.228s] Level 1:colcon.colcon_core.package_identification:_identify(build/CMakeFiles/CMakeTmp) by extension 'colcon_meta'
[0.228s] Level 1:colcon.colcon_core.package_identification:_identify(build/CMakeFiles/CMakeTmp) by extensions ['ros']
[0.228s] Level 1:colcon.colcon_core.package_identification:_identify(build/CMakeFiles/CMakeTmp) by extension 'ros'
[0.228s] Level 1:colcon.colcon_core.package_identification:_identify(build/CMakeFiles/CMakeTmp) by extensions ['cmake', 'python']
[0.228s] Level 1:colcon.colcon_core.package_identification:_identify(build/CMakeFiles/CMakeTmp) by extension 'cmake'
[0.228s] Level 1:colcon.colcon_core.package_identification:_identify(build/CMakeFiles/CMakeTmp) by extension 'python'
[0.228s] Level 1:colcon.colcon_core.package_identification:_identify(build/CMakeFiles/CMakeTmp) by extensions ['python_setup_py']
[0.228s] Level 1:colcon.colcon_core.package_identification:_identify(build/CMakeFiles/CMakeTmp) by extension 'python_setup_py'
[0.228s] Level 1:colcon.colcon_core.package_identification:_identify(build/CMakeFiles/happy.dir) by extensions ['ignore', 'ignore_ament_install']
[0.228s] Level 1:colcon.colcon_core.package_identification:_identify(build/CMakeFiles/happy.dir) by extension 'ignore'
[0.228s] Level 1:colcon.colcon_core.package_identification:_identify(build/CMakeFiles/happy.dir) by extension 'ignore_ament_install'
[0.228s] Level 1:colcon.colcon_core.package_identification:_identify(build/CMakeFiles/happy.dir) by extensions ['colcon_pkg']
[0.228s] Level 1:colcon.colcon_core.package_identification:_identify(build/CMakeFiles/happy.dir) by extension 'colcon_pkg'
[0.228s] Level 1:colcon.colcon_core.package_identification:_identify(build/CMakeFiles/happy.dir) by extensions ['colcon_meta']
[0.228s] Level 1:colcon.colcon_core.package_identification:_identify(build/CMakeFiles/happy.dir) by extension 'colcon_meta'
[0.228s] Level 1:colcon.colcon_core.package_identification:_identify(build/CMakeFiles/happy.dir) by extensions ['ros']
[0.229s] Level 1:colcon.colcon_core.package_identification:_identify(build/CMakeFiles/happy.dir) by extension 'ros'
[0.229s] Level 1:colcon.colcon_core.package_identification:_identify(build/CMakeFiles/happy.dir) by extensions ['cmake', 'python']
[0.229s] Level 1:colcon.colcon_core.package_identification:_identify(build/CMakeFiles/happy.dir) by extension 'cmake'
[0.229s] Level 1:colcon.colcon_core.package_identification:_identify(build/CMakeFiles/happy.dir) by extension 'python'
[0.229s] Level 1:colcon.colcon_core.package_identification:_identify(build/CMakeFiles/happy.dir) by extensions ['python_setup_py']
[0.229s] Level 1:colcon.colcon_core.package_identification:_identify(build/CMakeFiles/happy.dir) by extension 'python_setup_py'
[0.229s] Level 1:colcon.colcon_core.package_identification:_identify(build/CMakeFiles/run.dir) by extensions ['ignore', 'ignore_ament_install']
[0.229s] Level 1:colcon.colcon_core.package_identification:_identify(build/CMakeFiles/run.dir) by extension 'ignore'
[0.229s] Level 1:colcon.colcon_core.package_identification:_identify(build/CMakeFiles/run.dir) by extension 'ignore_ament_install'
[0.229s] Level 1:colcon.colcon_core.package_identification:_identify(build/CMakeFiles/run.dir) by extensions ['colcon_pkg']
[0.229s] Level 1:colcon.colcon_core.package_identification:_identify(build/CMakeFiles/run.dir) by extension 'colcon_pkg'
[0.229s] Level 1:colcon.colcon_core.package_identification:_identify(build/CMakeFiles/run.dir) by extensions ['colcon_meta']
[0.229s] Level 1:colcon.colcon_core.package_identification:_identify(build/CMakeFiles/run.dir) by extension 'colcon_meta'
[0.229s] Level 1:colcon.colcon_core.package_identification:_identify(build/CMakeFiles/run.dir) by extensions ['ros']
[0.229s] Level 1:colcon.colcon_core.package_identification:_identify(build/CMakeFiles/run.dir) by extension 'ros'
[0.229s] Level 1:colcon.colcon_core.package_identification:_identify(build/CMakeFiles/run.dir) by extensions ['cmake', 'python']
[0.229s] Level 1:colcon.colcon_core.package_identification:_identify(build/CMakeFiles/run.dir) by extension 'cmake'
[0.229s] Level 1:colcon.colcon_core.package_identification:_identify(build/CMakeFiles/run.dir) by extension 'python'
[0.229s] Level 1:colcon.colcon_core.package_identification:_identify(build/CMakeFiles/run.dir) by extensions ['python_setup_py']
[0.229s] Level 1:colcon.colcon_core.package_identification:_identify(build/CMakeFiles/run.dir) by extension 'python_setup_py'
[0.229s] Level 1:colcon.colcon_core.package_identification:_identify(build/CMakeFiles/run.dir/src) by extensions ['ignore', 'ignore_ament_install']
[0.229s] Level 1:colcon.colcon_core.package_identification:_identify(build/CMakeFiles/run.dir/src) by extension 'ignore'
[0.230s] Level 1:colcon.colcon_core.package_identification:_identify(build/CMakeFiles/run.dir/src) by extension 'ignore_ament_install'
[0.230s] Level 1:colcon.colcon_core.package_identification:_identify(build/CMakeFiles/run.dir/src) by extensions ['colcon_pkg']
[0.230s] Level 1:colcon.colcon_core.package_identification:_identify(build/CMakeFiles/run.dir/src) by extension 'colcon_pkg'
[0.230s] Level 1:colcon.colcon_core.package_identification:_identify(build/CMakeFiles/run.dir/src) by extensions ['colcon_meta']
[0.230s] Level 1:colcon.colcon_core.package_identification:_identify(build/CMakeFiles/run.dir/src) by extension 'colcon_meta'
[0.230s] Level 1:colcon.colcon_core.package_identification:_identify(build/CMakeFiles/run.dir/src) by extensions ['ros']
[0.230s] Level 1:colcon.colcon_core.package_identification:_identify(build/CMakeFiles/run.dir/src) by extension 'ros'
[0.230s] Level 1:colcon.colcon_core.package_identification:_identify(build/CMakeFiles/run.dir/src) by extensions ['cmake', 'python']
[0.230s] Level 1:colcon.colcon_core.package_identification:_identify(build/CMakeFiles/run.dir/src) by extension 'cmake'
[0.230s] Level 1:colcon.colcon_core.package_identification:_identify(build/CMakeFiles/run.dir/src) by extension 'python'
[0.230s] Level 1:colcon.colcon_core.package_identification:_identify(build/CMakeFiles/run.dir/src) by extensions ['python_setup_py']
[0.230s] Level 1:colcon.colcon_core.package_identification:_identify(build/CMakeFiles/run.dir/src) by extension 'python_setup_py'
[0.230s] Level 1:colcon.colcon_core.package_identification:_identify(log) by extensions ['ignore', 'ignore_ament_install']
[0.230s] Level 1:colcon.colcon_core.package_identification:_identify(log) by extension 'ignore'
[0.230s] Level 1:colcon.colcon_core.package_identification:_identify(log) ignored
[0.230s] Level 1:colcon.colcon_core.package_identification:_identify(src) by extensions ['ignore', 'ignore_ament_install']
[0.230s] Level 1:colcon.colcon_core.package_identification:_identify(src) by extension 'ignore'
[0.230s] Level 1:colcon.colcon_core.package_identification:_identify(src) by extension 'ignore_ament_install'
[0.231s] Level 1:colcon.colcon_core.package_identification:_identify(src) by extensions ['colcon_pkg']
[0.231s] Level 1:colcon.colcon_core.package_identification:_identify(src) by extension 'colcon_pkg'
[0.231s] Level 1:colcon.colcon_core.package_identification:_identify(src) by extensions ['colcon_meta']
[0.231s] Level 1:colcon.colcon_core.package_identification:_identify(src) by extension 'colcon_meta'
[0.231s] Level 1:colcon.colcon_core.package_identification:_identify(src) by extensions ['ros']
[0.231s] Level 1:colcon.colcon_core.package_identification:_identify(src) by extension 'ros'
[0.231s] Level 1:colcon.colcon_core.package_identification:_identify(src) by extensions ['cmake', 'python']
[0.231s] Level 1:colcon.colcon_core.package_identification:_identify(src) by extension 'cmake'
[0.231s] Level 1:colcon.colcon_core.package_identification:_identify(src) by extension 'python'
[0.231s] Level 1:colcon.colcon_core.package_identification:_identify(src) by extensions ['python_setup_py']
[0.231s] Level 1:colcon.colcon_core.package_identification:_identify(src) by extension 'python_setup_py'
[0.231s] Level 1:colcon.colcon_core.package_discovery:discover_packages(recursive) using defaults
[0.231s] Level 1:colcon.colcon_core.package_discovery:discover_packages(ignore) discover
[0.231s] Level 1:colcon.colcon_core.package_discovery:discover_packages(ignore) using defaults
[0.231s] Level 1:colcon.colcon_core.package_discovery:discover_packages(path) discover
[0.231s] Level 1:colcon.colcon_core.package_discovery:discover_packages(path) using defaults
